<?xml version="1.0" encoding="UTF-8"?>
<!-- Generated by org.testng.reporters.JUnitReportReporter -->
<testsuite hostname="oms-MacBook-Pro.local" failures="0" tests="3" name="com.testhive.tests.SplashTests" time="15.688" errors="0" timestamp="2025-07-08T03:20:54 IST" skipped="0">
  <testcase classname="com.testhive.tests.SplashTests" name="verifySplashScreenContent" time="4.602"/>
  <system-out/>
  <testcase classname="com.testhive.tests.SplashTests" name="verifySplashScreenIsDisplayed" time="3.960"/>
  <system-out/>
  <testcase classname="com.testhive.tests.SplashTests" name="verifyNavigationToLogin" time="7.126"/>
  <system-out/>
</testsuite> <!-- com.testhive.tests.SplashTests -->
